#
# A fatal error has been detected by the Java Runtime Environment:
#
#  EXCEPTION_ACCESS_VIOLATION (0xc0000005) at pc=0x00007ffaf9de26c4, pid=19412, tid=13724
#
# JRE version: Java(TM) SE Runtime Environment (24.0.1+9) (build 24.0.1+9-30)
# Java VM: Java HotSpot(TM) 64-Bit Server VM (24.0.1+9-30, mixed mode, emulated-client, sharing, tiered, compressed oops, compressed class ptrs, g1 gc, windows-amd64)
# Problematic frame:
# C  [libasyncProfiler.dll+0x926c4]
#
# No core dump will be written. Minidumps are not enabled by default on client versions of Windows
#
# JFR recording file will be written. Location: C:\Users\narci\Programming\Java\server\hs_err_pid19412.jfr
#
# If you would like to submit a bug report, please visit:
#   https://bugreport.java.com/bugreport/crash.jsp
# The crash happened outside the Java Virtual Machine in native code.
# See problematic frame for where to report the bug.
#

---------------  S U M M A R Y ------------

Command Line: -XX:TieredStopAtLevel=1 -Dspring.output.ansi.enabled=always -Dcom.sun.management.jmxremote -Dspring.jmx.enabled=true -Dspring.liveBeansView.mbeanDomain -Dspring.application.admin.enabled=true -Dmanagement.endpoints.jmx.exposure.include=* -javaagent:C:\Users\narci\AppData\Local\Programs\IntelliJ IDEA Ultimate\lib\idea_rt.jar=57792 -Dfile.encoding=UTF-8 -Dsun.stdout.encoding=UTF-8 -Dsun.stderr.encoding=UTF-8 com.flavormetrics.api.FlavorMetricsApiApplication

Host: Intel(R) Core(TM) i5-10300H CPU @ 2.50GHz, 8 cores, 7G,  Windows 11 , 64 bit Build 26100 (10.0.26100.3775)
Time: Tue Apr 22 01:32:36 2025 GTB Daylight Time elapsed time: 12.233421 seconds (0d 0h 0m 12s)

---------------  T H R E A D  ---------------

Current thread (0x000002277b8f7ee0):  JavaThread "Attach Listener" daemon [_thread_in_native, id=13724, stack(0x0000008071f00000,0x0000008072000000) (1024K)]

Stack: [0x0000008071f00000,0x0000008072000000],  sp=0x0000008071fff130,  free space=1020k
Native frames: (J=compiled Java code, j=interpreted, Vv=VM code, C=native code)
C  [libasyncProfiler.dll+0x926c4]  (no source info available)
C  [libasyncProfiler.dll+0x92b9b]  (no source info available)
C  [libasyncProfiler.dll+0x917f4]  (no source info available)
C  [libasyncProfiler.dll+0x9206a]  (no source info available)
C  [libasyncProfiler.dll+0x8cc21]  (no source info available)
C  [libasyncProfiler.dll+0x7e5e1]  (no source info available)
C  [libasyncProfiler.dll+0x7d2f8]  (no source info available)
C  [libasyncProfiler.dll+0x7d1e0]  (no source info available)
C  [libasyncProfiler.dll+0x841b9]  (no source info available)
V  [jvm.dll+0x57eff7]  (no source info available)
V  [jvm.dll+0x57fdac]  (no source info available)
V  [jvm.dll+0x14ca17]  (no source info available)
V  [jvm.dll+0x14dfe1]  (no source info available)
V  [jvm.dll+0x42f456]  (no source info available)
V  [jvm.dll+0x87d76b]  (no source info available)
V  [jvm.dll+0x72ee55]  (no source info available)
C  [ucrtbase.dll+0x37b0]  (no source info available)
C  [KERNEL32.DLL+0x2e8d7]  (no source info available)
C  [ntdll.dll+0xb14fc]  (no source info available)


siginfo: EXCEPTION_ACCESS_VIOLATION (0xc0000005), reading address 0xffffffffffffffff


Registers:
RAX=0x0000000000000010, RBX=0x0000000000000000, RCX=0xffffffffffffffff, RDX=0x007ffa7adb301010
RSP=0x0000008071fff130, RBP=0x00000227454bcc40, RSI=0x0000008071fff2a0, RDI=0x00000227454bcc40
R8 =0x0000000000000042, R9 =0x0000000082b00000, R10=0x00007ffa7b029fb0, R11=0x000000000000001a
R12=0x0000008071fff2a0, R13=0x0000022747249330, R14=0x000002277b8f82a8, R15=0x000002277b8f82a8
RIP=0x00007ffaf9de26c4, EFLAGS=0x0000000000010202

XMM[0]=0x0000000000000000 0x0000000000000000
XMM[1]=0x0000000000000000 0x0000000000000000
XMM[2]=0x0000000000000000 0x0000000000000000
XMM[3]=0x0000000000000000 0x0000000000000000
XMM[4]=0x0000000000000000 0x0000000000000000
XMM[5]=0x0000000000000000 0x0000000000000000
XMM[6]=0x0000000000000000 0x0000000000000000
XMM[7]=0x0000000000000000 0x0000000000000000
XMM[8]=0x0000000000000000 0x0000000000000000
XMM[9]=0x0000000000000000 0x0000000000000000
XMM[10]=0x0000000000000000 0x0000000000000000
XMM[11]=0x0000000000000000 0x0000000000000000
XMM[12]=0x0000000000000000 0x0000000000000000
XMM[13]=0x0000000000000000 0x0000000000000000
XMM[14]=0x0000000000000000 0x0000000000000000
XMM[15]=0x0000000000000000 0x0000000000000000
  MXCSR=0x00001fa0


Register to memory mapping:

RAX=0x0000000000000010 is an unknown value
RBX=0x0 is null
RCX=0xffffffffffffffff is an unknown value
RDX=0x007ffa7adb301010 is an unknown value
RSP=0x0000008071fff130 is pointing into the stack for thread: 0x000002277b8f7ee0
RBP=0x00000227454bcc40 points into unknown readable memory: 0x0000000082b00000 | 00 00 b0 82 00 00 00 00
RSI=0x0000008071fff2a0 is pointing into the stack for thread: 0x000002277b8f7ee0
RDI=0x00000227454bcc40 points into unknown readable memory: 0x0000000082b00000 | 00 00 b0 82 00 00 00 00
R8 =0x0000000000000042 is an unknown value
R9 =0x0000000082b00000 is an oop: java.lang.ref.Reference$ReferenceHandler 
{0x0000000082b00000} - klass: 'java/lang/ref/Reference$ReferenceHandler' - flags: 

 - ---- fields (total size 14 words):
 - 'threadLocalRandomProbe' 'I' @12  0 (0x00000000)
 - private volatile 'eetop' 'J' @16  2368599937344 (0x000002277b8ed140)
 - private final 'tid' 'J' @24  14 (0x000000000000000e)
 - 'threadLocalRandomSeed' 'J' @32  0 (0x0000000000000000)
 - injected 'jvmti_thread_state' 'J' @40  2367722611648 (0x000002274743e3c0)
 - 'threadLocalRandomSecondarySeed' 'I' @48  0 (0x00000000)
 - injected 'jvmti_VTMS_transition_disable_count' 'I' @52  0 (0x00000000)
 - injected 'jfr_epoch' 'S' @56  0 (0x0000)
 - volatile 'interrupted' 'Z' @58  false (0x00)
 - injected 'jvmti_is_in_VTMS_transition' 'Z' @59  false (0x00)
 - private volatile 'name' 'Ljava/lang/String;' @60  "Reference Handler"{0x00000000ffe0a568} (0xffe0a568)
 - private volatile 'contextClassLoader' 'Ljava/lang/ClassLoader;' @64  null (0x00000000)
 - private final 'holder' 'Ljava/lang/Thread$FieldHolder;' @68  a 'java/lang/Thread$FieldHolder'{0x0000000082a0b400} (0x82a0b400)
 - 'threadLocals' 'Ljava/lang/ThreadLocal$ThreadLocalMap;' @72  null (0x00000000)
 - 'inheritableThreadLocals' 'Ljava/lang/ThreadLocal$ThreadLocalMap;' @76  null (0x00000000)
 - private 'scopedValueBindings' 'Ljava/lang/Object;' @80  a 'java/lang/Class'{0x00000000ffe7c890} = 'java/lang/Thread' (0xffe7c890)
 - final 'interruptLock' 'Ljava/lang/Object;' @84  a 'java/lang/Object'{0x0000000082a0b3f0} (0x82a0b3f0)
 - private volatile 'parkBlocker' 'Ljava/lang/Object;' @88  null (0x00000000)
 - private 'nioBlocker' 'Lsun/nio/ch/Interruptible;' @92  null (0x00000000)
 - private 'cont' 'Ljdk/internal/vm/Continuation;' @96  null (0x00000000)
 - private volatile 'uncaughtExceptionHandler' 'Ljava/lang/Thread$UncaughtExceptionHandler;' @100  null (0x00000000)
 - private 'container' 'Ljdk/internal/vm/ThreadContainer;' @104  null (0x00000000)
 - private volatile 'headStackableScopes' 'Ljdk/internal/vm/StackableScope;' @108  null (0x00000000)
R10=0x00007ffa7b029fb0 jvm.dll
R11=0x000000000000001a is an unknown value
R12=0x0000008071fff2a0 is pointing into the stack for thread: 0x000002277b8f7ee0
R13=0x0000022747249330 points into unknown readable memory: 0x00007ffa7af9a510 | 10 a5 f9 7a fa 7f 00 00
R14=0x000002277b8f82a8 points into unknown readable memory: 0x00007ffa7af917b0 | b0 17 f9 7a fa 7f 00 00
R15=0x000002277b8f82a8 points into unknown readable memory: 0x00007ffa7af917b0 | b0 17 f9 7a fa 7f 00 00

Top of Stack: (sp=0x0000008071fff130)
0x0000008071fff130:   0000008071fff2a0 00000227454bcc40   ...q....@.KE'...
0x0000008071fff140:   0000000000000000 000002277b8f8630   ........0..{'...
0x0000008071fff150:   0000000000000036 00007ffaf9de2b9b   6........+......
0x0000008071fff160:   0000000000000000 000002277b8f82a8   ...........{'...
0x0000008071fff170:   0000008071fff201 0000000000000000   ...q............
0x0000008071fff180:   00000227455f6b00 00007ffaf9de17f4   .k_E'...........
0x0000008071fff190:   0000000000000000 0000000000000036   ........6.......
0x0000008071fff1a0:   0000000000000000 0000000000000036   ........6.......
0x0000008071fff1b0:   0000001e4564a158 00000227475abb20   X.dE.... .ZG'...
0x0000008071fff1c0:   00000227455f6b00 00000227455f6bd8   .k_E'....k_E'...
0x0000008071fff1d0:   00000227455f6bfc 0000000000003008   .k_E'....0......
0x0000008071fff1e0:   0000000000000000 0000000000000000   ................
0x0000008071fff1f0:   0000000000000000 00007ffa7a7f57d4   .........W.z....
0x0000008071fff200:   00007ffaf9f24ca0 0000000000004bd4   .L.......K......
0x0000008071fff210:   00007ffaf9f24ca0 00000000ffffffff   .L..............
0x0000008071fff220:   0000000000000000 00007ffaf9de206a   ........j ......
0x0000008071fff230:   000002277b8f82a8 0000000000000000   ...{'...........
0x0000008071fff240:   0000008071fff2a9 0000022747249330   ...q....0.$G'...
0x0000008071fff250:   0000000000000004 0000000000000048   ........H.......
0x0000008071fff260:   0000000800800310 0000000000000020   ........ .......
0x0000008071fff270:   000002277b8f82a8 00007ffaf9f24ca0   ...{'....L......
0x0000008071fff280:   000002277b7951f0 000002274743e3c0   .Qy{'.....CG'...
0x0000008071fff290:   0000000800800390 000002277b8f82a8   ...........{'...
0x0000008071fff2a0:   0000022749322c60 0000022749323320   `,2I'... 32I'...
0x0000008071fff2b0:   0000022749323320 00007ffaf9f24ca0    32I'....L......
0x0000008071fff2c0:   000002274564a158 0000008071fff438   X.dE'...8..q....
0x0000008071fff2d0:   0000008071fff570 0000000000008840   p..q....@.......
0x0000008071fff2e0:   0000008071fff750 00007ffaf9f24cf0   P..q.....L......
0x0000008071fff2f0:   0000000000989680 0000000000989680   ................
0x0000008071fff300:   0000008071fff410 00007ffaf9ddcc21   ...q....!.......
0x0000008071fff310:   00007ffaf9f24ca0 00007ffaf9f24cf8   .L.......L......
0x0000008071fff320:   00007ffa00000000 00007ffa00000001   ................

Instructions: (pc=0x00007ffaf9de26c4)
  0x00007ffaf9de25c4:   cc cc cc cc cc cc cc cc cc cc cc cc cc cc cc cc
  0x00007ffaf9de25d4:   cc cc cc cc cc cc cc cc cc cc cc cc cc cc cc cc
  0x00007ffaf9de25e4:   cc cc cc cc cc cc cc cc cc cc cc cc cc cc cc cc
  0x00007ffaf9de25f4:   cc cc cc cc cc cc cc cc cc cc cc cc cc cc cc cc
  0x00007ffaf9de2604:   cc cc cc cc cc cc cc cc cc cc cc cc cc cc cc cc
  0x00007ffaf9de2614:   cc cc cc cc cc cc cc cc cc cc cc cc cc cc cc cc
  0x00007ffaf9de2624:   cc cc cc cc cc cc cc cc cc cc cc cc cc cc cc cc
  0x00007ffaf9de2634:   cc cc cc cc cc cc cc cc cc cc cc cc cc cc cc cc
  0x00007ffaf9de2644:   cc cc cc cc cc cc cc cc cc cc cc cc 40 57 48 83
  0x00007ffaf9de2654:   ec 20 48 8b f9 48 8b 0d 10 28 14 00 48 85 c9 74
  0x00007ffaf9de2664:   20 48 8b 01 48 8d 54 24 38 41 b8 06 00 01 00 4c
  0x00007ffaf9de2674:   8b 48 30 41 ff d1 85 c0 75 07 48 8b 4c 24 38 eb
  0x00007ffaf9de2684:   02 33 c9 4c 8b 05 ea 28 14 00 48 89 5c 24 30 4d
  0x00007ffaf9de2694:   85 c0 74 4a 48 8b 01 48 8b d7 4c 8b 88 28 03 00
  0x00007ffaf9de26a4:   00 41 ff d1 48 85 c0 74 35 48 63 0d f8 e6 13 00
  0x00007ffaf9de26b4:   48 8b 14 01 48 85 d2 74 15 48 63 05 fc e6 13 00
=>0x00007ffaf9de26c4:   8b 04 10 48 8b 5c 24 30 48 83 c4 20 5f c3 b8 ff
  0x00007ffaf9de26d4:   ff ff ff 48 8b 5c 24 30 48 83 c4 20 5f c3 80 3d
  0x00007ffaf9de26e4:   9b 27 14 00 00 bb ff ff ff ff 74 20 4c 8b 0d 31
  0x00007ffaf9de26f4:   24 14 00 4c 8d 44 24 38 48 8b 0d 15 24 14 00 48
  0x00007ffaf9de2704:   8b d7 41 ff d1 85 c0 0f 44 5c 24 38 8b c3 48 8b
  0x00007ffaf9de2714:   5c 24 30 48 83 c4 20 5f c3 cc cc cc cc cc cc cc
  0x00007ffaf9de2724:   cc cc cc cc cc cc cc cc cc cc cc cc cc cc cc cc
  0x00007ffaf9de2734:   cc cc cc cc cc cc cc cc cc cc cc cc cc cc cc cc
  0x00007ffaf9de2744:   cc cc cc cc cc cc cc cc cc cc cc cc 48 89 54 24
  0x00007ffaf9de2754:   10 53 55 56 57 41 56 41 57 48 83 ec 28 48 8b f2
  0x00007ffaf9de2764:   4c 8b f1 48 89 4c 24 78 45 33 ff 44 89 7c 24 68
  0x00007ffaf9de2774:   c7 44 24 60 01 00 00 00 48 8d 4c 24 68 e8 ed 42
  0x00007ffaf9de2784:   f7 ff 8b d8 48 8d 4c 24 60 e8 e1 42 f7 ff 8b e8
  0x00007ffaf9de2794:   49 8b ce e8 00 fc f6 ff 48 8b f8 90 8b c3 f0 0f
  0x00007ffaf9de27a4:   b1 2f 74 04 f3 90 eb f4 4c 89 3e 4c 89 7e 08 4c
  0x00007ffaf9de27b4:   89 7e 10 49 8b 6e 08 4d 8b 76 10 49 3b ee 0f 84


Stack slot to memory mapping:

stack at sp + 0 slots: 0x0000008071fff2a0 is pointing into the stack for thread: 0x000002277b8f7ee0
stack at sp + 1 slots: 0x00000227454bcc40 points into unknown readable memory: 0x0000000082b00000 | 00 00 b0 82 00 00 00 00
stack at sp + 2 slots: 0x0 is null
stack at sp + 3 slots: 0x000002277b8f8630 points into unknown readable memory: 0x6e616c2e6176616a | 6a 61 76 61 2e 6c 61 6e
stack at sp + 4 slots: 0x0000000000000036 is an unknown value
stack at sp + 5 slots: 0x00007ffaf9de2b9b libasyncProfiler.dll
stack at sp + 6 slots: 0x0 is null
stack at sp + 7 slots: 0x000002277b8f82a8 points into unknown readable memory: 0x00007ffa7af917b0 | b0 17 f9 7a fa 7f 00 00

Lock stack of current Java thread (top to bottom):


---------------  P R O C E S S  ---------------

Threads class SMR info:
_java_thread_list=0x00000227474d45a0, length=34, elements={
0x000002277b8ed140, 0x000002277b8eda80, 0x000002277b8f1130, 0x000002277b8f7ee0,
0x000002277b8f8c90, 0x000002277b8f97c0, 0x000002277b8fb560, 0x00000227450f2670,
0x0000022745449f80, 0x000002274544a880, 0x0000022745a60700, 0x0000022745a64300,
0x0000022745a94a50, 0x0000022745a97be0, 0x000002274645b4e0, 0x000002274645c380,
0x000002274645cad0, 0x000002274645d220, 0x0000022746459ef0, 0x000002274645a640,
0x000002274645ad90, 0x00000227475800d0, 0x0000022747581e10, 0x0000022747580f70,
0x00000227475816c0, 0x000002274757f230, 0x000002274757f980, 0x000002274757eae0,
0x0000022747580820, 0x00000227475bb730, 0x00000227475b8b50, 0x00000227475bbe80,
0x0000022747fd95b0, 0x00000227475b99f0
}

Java Threads: ( => current thread )
  0x000002277b8ed140 JavaThread "Reference Handler"          daemon [_thread_blocked, id=15724, stack(0x0000008071c00000,0x0000008071d00000) (1024K)]
  0x000002277b8eda80 JavaThread "Finalizer"                  daemon [_thread_blocked, id=10112, stack(0x0000008071d00000,0x0000008071e00000) (1024K)]
  0x000002277b8f1130 JavaThread "Signal Dispatcher"          daemon [_thread_blocked, id=5140, stack(0x0000008071e00000,0x0000008071f00000) (1024K)]
=>0x000002277b8f7ee0 JavaThread "Attach Listener"            daemon [_thread_in_native, id=13724, stack(0x0000008071f00000,0x0000008072000000) (1024K)]
  0x000002277b8f8c90 JavaThread "Service Thread"             daemon [_thread_blocked, id=21336, stack(0x0000008072000000,0x0000008072100000) (1024K)]
  0x000002277b8f97c0 JavaThread "Monitor Deflation Thread"   daemon [_thread_blocked, id=22200, stack(0x0000008072100000,0x0000008072200000) (1024K)]
  0x000002277b8fb560 JavaThread "C1 CompilerThread0"         daemon [_thread_blocked, id=11756, stack(0x0000008072200000,0x0000008072300000) (1024K)]
  0x00000227450f2670 JavaThread "Common-Cleaner"             daemon [_thread_blocked, id=20532, stack(0x0000008072500000,0x0000008072600000) (1024K)]
  0x0000022745449f80 JavaThread "Monitor Ctrl-Break"         daemon [_thread_in_native, id=26408, stack(0x0000008072600000,0x0000008072700000) (1024K)]
  0x000002274544a880 JavaThread "Notification Thread"        daemon [_thread_blocked, id=18912, stack(0x0000008072700000,0x0000008072800000) (1024K)]
  0x0000022745a60700 JavaThread "RMI TCP Accept-0"           daemon [_thread_in_native, id=17280, stack(0x0000008072800000,0x0000008072900000) (1024K)]
  0x0000022745a64300 JavaThread "RMI TCP Connection(1)-192.168.1.106" daemon [_thread_in_native, id=5472, stack(0x0000008072900000,0x0000008072a00000) (1024K)]
  0x0000022745a94a50 JavaThread "RMI Scheduler(0)"           daemon [_thread_blocked, id=13340, stack(0x0000008072a00000,0x0000008072b00000) (1024K)]
  0x0000022745a97be0 JavaThread "JMX server connection timeout 31" daemon [_thread_blocked, id=11464, stack(0x0000008072b00000,0x0000008072c00000) (1024K)]
  0x000002274645b4e0 JavaThread "RMI TCP Connection(2)-192.168.1.106" daemon [_thread_in_native, id=8632, stack(0x0000008073500000,0x0000008073600000) (1024K)]
  0x000002274645c380 JavaThread "Catalina-utility-1"                [_thread_blocked, id=22964, stack(0x0000008073600000,0x0000008073700000) (1024K)]
  0x000002274645cad0 JavaThread "Catalina-utility-2"                [_thread_blocked, id=6092, stack(0x0000008073700000,0x0000008073800000) (1024K)]
  0x000002274645d220 JavaThread "container-0"                       [_thread_blocked, id=10412, stack(0x0000008073800000,0x0000008073900000) (1024K)]
  0x0000022746459ef0 JavaThread "http-nio-8080-exec-1"       daemon [_thread_blocked, id=10716, stack(0x0000008073400000,0x0000008073500000) (1024K)]
  0x000002274645a640 JavaThread "http-nio-8080-exec-2"       daemon [_thread_blocked, id=12732, stack(0x0000008073a00000,0x0000008073b00000) (1024K)]
  0x000002274645ad90 JavaThread "http-nio-8080-exec-3"       daemon [_thread_blocked, id=10440, stack(0x0000008073b00000,0x0000008073c00000) (1024K)]
  0x00000227475800d0 JavaThread "http-nio-8080-exec-4"       daemon [_thread_blocked, id=14904, stack(0x0000008073c00000,0x0000008073d00000) (1024K)]
  0x0000022747581e10 JavaThread "http-nio-8080-exec-5"       daemon [_thread_blocked, id=8736, stack(0x0000008073d00000,0x0000008073e00000) (1024K)]
  0x0000022747580f70 JavaThread "http-nio-8080-exec-6"       daemon [_thread_blocked, id=5332, stack(0x0000008073e00000,0x0000008073f00000) (1024K)]
  0x00000227475816c0 JavaThread "http-nio-8080-exec-7"       daemon [_thread_blocked, id=1476, stack(0x0000008073f00000,0x0000008074000000) (1024K)]
  0x000002274757f230 JavaThread "http-nio-8080-exec-8"       daemon [_thread_blocked, id=18112, stack(0x0000008074000000,0x0000008074100000) (1024K)]
  0x000002274757f980 JavaThread "http-nio-8080-exec-9"       daemon [_thread_blocked, id=11312, stack(0x0000008074100000,0x0000008074200000) (1024K)]
  0x000002274757eae0 JavaThread "http-nio-8080-exec-10"      daemon [_thread_blocked, id=15464, stack(0x0000008074200000,0x0000008074300000) (1024K)]
  0x0000022747580820 JavaThread "http-nio-8080-Poller"       daemon [_thread_in_native, id=16792, stack(0x0000008074300000,0x0000008074400000) (1024K)]
  0x00000227475bb730 JavaThread "http-nio-8080-Acceptor"     daemon [_thread_in_native, id=18696, stack(0x0000008074400000,0x0000008074500000) (1024K)]
  0x00000227475b8b50 JavaThread "DestroyJavaVM"                     [_thread_blocked, id=14624, stack(0x0000008071400000,0x0000008071500000) (1024K)]
  0x00000227475bbe80 JavaThread "JFR Recorder Thread"        daemon [_thread_in_native, id=18572, stack(0x0000008072300000,0x0000008072400000) (1024K)]
  0x0000022747fd95b0 JavaThread "C1 CompilerThread1"         daemon [_thread_blocked, id=11696, stack(0x0000008072400000,0x0000008072500000) (1024K)]
  0x00000227475b99f0 JavaThread "JFR Periodic Tasks"         daemon [_thread_blocked, id=12296, stack(0x0000008074500000,0x0000008074600000) (1024K)]
Total: 34

Other Threads:
  0x000002277b8d5d50 VMThread "VM Thread"                           [id=8124, stack(0x0000008071b00000,0x0000008071c00000) (1024K)]
  0x000002277b78d680 WatcherThread "VM Periodic Task Thread"        [id=8668, stack(0x0000008071a00000,0x0000008071b00000) (1024K)]
  0x000002276a31f3b0 WorkerThread "GC Thread#0"                     [id=21168, stack(0x0000008071500000,0x0000008071600000) (1024K)]
  0x00000227460f8d40 WorkerThread "GC Thread#1"                     [id=26440, stack(0x0000008072d00000,0x0000008072e00000) (1024K)]
  0x00000227460fb3a0 WorkerThread "GC Thread#2"                     [id=15252, stack(0x0000008072e00000,0x0000008072f00000) (1024K)]
  0x00000227460fb750 WorkerThread "GC Thread#3"                     [id=21324, stack(0x0000008072f00000,0x0000008073000000) (1024K)]
  0x0000022746123060 WorkerThread "GC Thread#4"                     [id=11924, stack(0x0000008073000000,0x0000008073100000) (1024K)]
  0x0000022746123410 WorkerThread "GC Thread#5"                     [id=12788, stack(0x0000008073100000,0x0000008073200000) (1024K)]
  0x000002274612b540 WorkerThread "GC Thread#6"                     [id=15460, stack(0x0000008073200000,0x0000008073300000) (1024K)]
  0x0000022746130f70 WorkerThread "GC Thread#7"                     [id=21080, stack(0x0000008073300000,0x0000008073400000) (1024K)]
  0x000002276a3353d0 ConcurrentGCThread "G1 Main Marker"            [id=18036, stack(0x0000008071600000,0x0000008071700000) (1024K)]
  0x000002276a336590 WorkerThread "G1 Conc#0"                       [id=15396, stack(0x0000008071700000,0x0000008071800000) (1024K)]
  0x0000022746130bc0 WorkerThread "G1 Conc#1"                       [id=13096, stack(0x0000008072c00000,0x0000008072d00000) (1024K)]
  0x000002276a37ea70 ConcurrentGCThread "G1 Refine#0"               [id=9432, stack(0x0000008071800000,0x0000008071900000) (1024K)]
  0x000002277b782ac0 ConcurrentGCThread "G1 Service"                [id=18660, stack(0x0000008071900000,0x0000008071a00000) (1024K)]
Total: 15

Threads with active compile tasks:
Total: 0

VM state: not at safepoint (normal execution)

VM Mutex/Monitor currently owned by a thread: None

Heap address: 0x0000000082800000, size: 2008 MB, Compressed Oops mode: 32-bit

CDS archive(s) mapped at: [0x0000022700000000-0x0000022700d40000-0x0000022700d40000), size 13893632, SharedBaseAddress: 0x0000022700000000, ArchiveRelocationMode: 1.
Compressed class space mapped at: 0x0000022701000000-0x0000022741000000, reserved size: 1073741824
UseCompressedClassPointers 1, UseCompactObjectHeaders 0
Narrow klass pointer bits 32, Max shift 3
Narrow klass base: 0x0000022700000000, Narrow klass shift: 0
Encoding Range: [0x0000022700000000 - 0x0000022800000000), (4294967296 bytes)
Klass Range:    [0x0000022700000000 - 0x0000022741000000), (1090519040 bytes)
Klass ID Range:  [8 - 1090519033) (1090519025)

GC Precious Log:
 CardTable entry size: 512
 Card Set container configuration: InlinePtr #cards 5 size 8 Array Of Cards #cards 10 size 36 Howl #buckets 4 coarsen threshold 1843 Howl Bitmap #cards 512 size 80 coarsen threshold 460 Card regions per heap region 1 cards per card region 2048
 CPUs: 8 total, 8 available
 Memory: 8027M
 Large Page Support: Disabled
 NUMA Support: Disabled
 Compressed Oops: Enabled (32-bit)
 Heap Region Size: 1M
 Heap Min Capacity: 8M
 Heap Initial Capacity: 126M
 Heap Max Capacity: 2008M
 Pre-touch: Disabled
 Parallel Workers: 8
 Concurrent Workers: 2
 Concurrent Refinement Workers: 8
 Periodic GC: Disabled

Heap:
 garbage-first heap   total reserved 2056192K, committed 55296K, used 40611K [0x0000000082800000, 0x0000000100000000)
  region size 1024K, 21 young (21504K), 4 survivors (4096K)
 Metaspace       used 48177K, committed 48704K, reserved 1114112K
  class space    used 5408K, committed 5632K, reserved 1048576K

Heap Regions: E=young(eden), S=young(survivor), O=old, HS=humongous(starts), HC=humongous(continues), CS=collection set, F=free, TAMS=top-at-mark-start, PB=parsable bottom
|   0|0x0000000082800000, 0x0000000082900000, 0x0000000082900000|100%|HS|  |TAMS 0x0000000082800000| PB 0x0000000082800000| Complete |  0
|   1|0x0000000082900000, 0x0000000082a00000, 0x0000000082a00000|100%|HS|  |TAMS 0x0000000082900000| PB 0x0000000082900000| Complete |  0
|   2|0x0000000082a00000, 0x0000000082b00000, 0x0000000082b00000|100%| O|  |TAMS 0x0000000082a00000| PB 0x0000000082a00000| Untracked |  0
|   3|0x0000000082b00000, 0x0000000082c00000, 0x0000000082c00000|100%| O|  |TAMS 0x0000000082b00000| PB 0x0000000082b00000| Untracked |  0
|   4|0x0000000082c00000, 0x0000000082d00000, 0x0000000082d00000|100%| O|  |TAMS 0x0000000082c00000| PB 0x0000000082c00000| Untracked |  0
|   5|0x0000000082d00000, 0x0000000082e00000, 0x0000000082e00000|100%| O|  |TAMS 0x0000000082d00000| PB 0x0000000082d00000| Untracked |  0
|   6|0x0000000082e00000, 0x0000000082f00000, 0x0000000082f00000|100%| O|  |TAMS 0x0000000082e00000| PB 0x0000000082e00000| Untracked |  0
|   7|0x0000000082f00000, 0x0000000083000000, 0x0000000083000000|100%| O|  |TAMS 0x0000000082f00000| PB 0x0000000082f00000| Untracked |  0
|   8|0x0000000083000000, 0x0000000083100000, 0x0000000083100000|100%| O|  |TAMS 0x0000000083000000| PB 0x0000000083000000| Untracked |  0
|   9|0x0000000083100000, 0x0000000083200000, 0x0000000083200000|100%| O|  |TAMS 0x0000000083100000| PB 0x0000000083100000| Untracked |  0
|  10|0x0000000083200000, 0x0000000083300000, 0x0000000083300000|100%| O|  |TAMS 0x0000000083200000| PB 0x0000000083200000| Untracked |  0
|  11|0x0000000083300000, 0x0000000083400000, 0x0000000083400000|100%| O|  |TAMS 0x0000000083300000| PB 0x0000000083300000| Untracked |  0
|  12|0x0000000083400000, 0x0000000083500000, 0x0000000083500000|100%| O|  |TAMS 0x0000000083400000| PB 0x0000000083400000| Untracked |  0
|  13|0x0000000083500000, 0x0000000083600000, 0x0000000083600000|100%| O|  |TAMS 0x0000000083500000| PB 0x0000000083500000| Untracked |  0
|  14|0x0000000083600000, 0x0000000083700000, 0x0000000083700000|100%| O|  |TAMS 0x0000000083600000| PB 0x0000000083600000| Untracked |  0
|  15|0x0000000083700000, 0x0000000083700000, 0x0000000083800000|  0%| F|  |TAMS 0x0000000083700000| PB 0x0000000083700000| Untracked |  0
|  16|0x0000000083800000, 0x0000000083900000, 0x0000000083900000|100%| O|  |TAMS 0x0000000083800000| PB 0x0000000083800000| Untracked |  0
|  17|0x0000000083900000, 0x0000000083a00000, 0x0000000083a00000|100%| O|  |TAMS 0x0000000083900000| PB 0x0000000083900000| Untracked |  0
|  18|0x0000000083a00000, 0x0000000083b00000, 0x0000000083b00000|100%| O|  |TAMS 0x0000000083a00000| PB 0x0000000083a00000| Untracked |  0
|  19|0x0000000083b00000, 0x0000000083ba8ce8, 0x0000000083c00000| 65%| O|  |TAMS 0x0000000083b00000| PB 0x0000000083b00000| Untracked |  0
|  20|0x0000000083c00000, 0x0000000083c00000, 0x0000000083d00000|  0%| F|  |TAMS 0x0000000083c00000| PB 0x0000000083c00000| Untracked |  0
|  21|0x0000000083d00000, 0x0000000083d00000, 0x0000000083e00000|  0%| F|  |TAMS 0x0000000083d00000| PB 0x0000000083d00000| Untracked |  0
|  22|0x0000000083e00000, 0x0000000083f00000, 0x0000000083f00000|100%| S|CS|TAMS 0x0000000083e00000| PB 0x0000000083e00000| Complete |  0
|  23|0x0000000083f00000, 0x0000000084000000, 0x0000000084000000|100%| S|CS|TAMS 0x0000000083f00000| PB 0x0000000083f00000| Complete |  0
|  24|0x0000000084000000, 0x0000000084000000, 0x0000000084100000|  0%| F|  |TAMS 0x0000000084000000| PB 0x0000000084000000| Untracked |  0
|  25|0x0000000084100000, 0x0000000084100000, 0x0000000084200000|  0%| F|  |TAMS 0x0000000084100000| PB 0x0000000084100000| Untracked |  0
|  26|0x0000000084200000, 0x0000000084200000, 0x0000000084300000|  0%| F|  |TAMS 0x0000000084200000| PB 0x0000000084200000| Untracked |  0
|  27|0x0000000084300000, 0x0000000084400000, 0x0000000084400000|100%| S|CS|TAMS 0x0000000084300000| PB 0x0000000084300000| Complete |  0
|  28|0x0000000084400000, 0x0000000084500000, 0x0000000084500000|100%| S|CS|TAMS 0x0000000084400000| PB 0x0000000084400000| Complete |  0
|  29|0x0000000084500000, 0x0000000084500000, 0x0000000084600000|  0%| F|  |TAMS 0x0000000084500000| PB 0x0000000084500000| Untracked |  0
|  30|0x0000000084600000, 0x0000000084600000, 0x0000000084700000|  0%| F|  |TAMS 0x0000000084600000| PB 0x0000000084600000| Untracked |  0
|  31|0x0000000084700000, 0x0000000084700000, 0x0000000084800000|  0%| F|  |TAMS 0x0000000084700000| PB 0x0000000084700000| Untracked |  0
|  32|0x0000000084800000, 0x0000000084800000, 0x0000000084900000|  0%| F|  |TAMS 0x0000000084800000| PB 0x0000000084800000| Untracked |  0
|  33|0x0000000084900000, 0x0000000084900000, 0x0000000084a00000|  0%| F|  |TAMS 0x0000000084900000| PB 0x0000000084900000| Untracked |  0
|  34|0x0000000084a00000, 0x0000000084a00000, 0x0000000084b00000|  0%| F|  |TAMS 0x0000000084a00000| PB 0x0000000084a00000| Untracked |  0
|  35|0x0000000084b00000, 0x0000000084b00000, 0x0000000084c00000|  0%| F|  |TAMS 0x0000000084b00000| PB 0x0000000084b00000| Untracked |  0
|  36|0x0000000084c00000, 0x0000000084c29d08, 0x0000000084d00000| 16%| E|  |TAMS 0x0000000084c00000| PB 0x0000000084c00000| Complete |  0
|  37|0x0000000084d00000, 0x0000000084e00000, 0x0000000084e00000|100%| E|CS|TAMS 0x0000000084d00000| PB 0x0000000084d00000| Complete |  0
|  38|0x0000000084e00000, 0x0000000084f00000, 0x0000000084f00000|100%| E|CS|TAMS 0x0000000084e00000| PB 0x0000000084e00000| Complete |  0
|  39|0x0000000084f00000, 0x0000000085000000, 0x0000000085000000|100%| E|CS|TAMS 0x0000000084f00000| PB 0x0000000084f00000| Complete |  0
|  40|0x0000000085000000, 0x0000000085100000, 0x0000000085100000|100%| E|CS|TAMS 0x0000000085000000| PB 0x0000000085000000| Complete |  0
|  41|0x0000000085100000, 0x0000000085200000, 0x0000000085200000|100%| E|CS|TAMS 0x0000000085100000| PB 0x0000000085100000| Complete |  0
|  42|0x0000000085200000, 0x0000000085300000, 0x0000000085300000|100%| E|CS|TAMS 0x0000000085200000| PB 0x0000000085200000| Complete |  0
|  43|0x0000000085300000, 0x0000000085400000, 0x0000000085400000|100%| E|CS|TAMS 0x0000000085300000| PB 0x0000000085300000| Complete |  0
|  44|0x0000000085400000, 0x0000000085500000, 0x0000000085500000|100%| E|CS|TAMS 0x0000000085400000| PB 0x0000000085400000| Complete |  0
|  45|0x0000000085500000, 0x0000000085600000, 0x0000000085600000|100%| E|CS|TAMS 0x0000000085500000| PB 0x0000000085500000| Complete |  0
|  70|0x0000000086e00000, 0x0000000086f00000, 0x0000000086f00000|100%| E|CS|TAMS 0x0000000086e00000| PB 0x0000000086e00000| Complete |  0
|  71|0x0000000086f00000, 0x0000000087000000, 0x0000000087000000|100%| E|CS|TAMS 0x0000000086f00000| PB 0x0000000086f00000| Complete |  0
|  72|0x0000000087000000, 0x0000000087100000, 0x0000000087100000|100%| E|CS|TAMS 0x0000000087000000| PB 0x0000000087000000| Complete |  0
|  80|0x0000000087800000, 0x0000000087900000, 0x0000000087900000|100%| E|CS|TAMS 0x0000000087800000| PB 0x0000000087800000| Complete |  0
|  81|0x0000000087900000, 0x0000000087a00000, 0x0000000087a00000|100%| E|CS|TAMS 0x0000000087900000| PB 0x0000000087900000| Complete |  0
| 125|0x000000008a500000, 0x000000008a600000, 0x000000008a600000|100%| E|CS|TAMS 0x000000008a500000| PB 0x000000008a500000| Complete |  0
|2006|0x00000000ffe00000, 0x00000000fff00000, 0x00000000fff00000|100%| O|  |TAMS 0x00000000ffe00000| PB 0x00000000ffe00000| Untracked |  0
|2007|0x00000000fff00000, 0x0000000100000000, 0x0000000100000000|100%| E|CS|TAMS 0x00000000fff00000| PB 0x00000000fff00000| Complete |  0

Card table byte_map: [0x0000022776ab0000,0x0000022776ea0000] _byte_map_base: 0x000002277669c000

Marking Bits: (CMBitMap*) 0x000002276a3201e0
 Bits: [0x0000022776ea0000, 0x0000022778e00000)

Polling page: 0x0000022768a90000

Metaspace:

Usage:
  Non-class:     41.77 MB used.
      Class:      5.28 MB used.
       Both:     47.05 MB used.

Virtual space:
  Non-class space:       64.00 MB reserved,      42.06 MB ( 66%) committed,  1 nodes.
      Class space:        1.00 GB reserved,       5.50 MB ( <1%) committed,  1 nodes.
             Both:        1.06 GB reserved,      47.56 MB (  4%) committed. 

Chunk freelists:
   Non-Class:  5.00 MB
       Class:  10.53 MB
        Both:  15.53 MB

MaxMetaspaceSize: unlimited
CompressedClassSpaceSize: 1.00 GB
Initial GC threshold: 21.00 MB
Current GC threshold: 59.06 MB
CDS: on
 - commit_granule_bytes: 65536.
 - commit_granule_words: 8192.
 - virtual_space_node_default_size: 8388608.
 - enlarge_chunks_in_place: 1.
UseCompressedClassPointers 1, UseCompactObjectHeaders 0
Narrow klass pointer bits 32, Max shift 3
Narrow klass base: 0x0000022700000000, Narrow klass shift: 0
Encoding Range: [0x0000022700000000 - 0x0000022800000000), (4294967296 bytes)
Klass Range:    [0x0000022700000000 - 0x0000022741000000), (1090519040 bytes)
Klass ID Range:  [8 - 1090519033) (1090519025)


Internal statistics:

num_allocs_failed_limit: 6.
num_arena_births: 618.
num_arena_deaths: 0.
num_vsnodes_births: 2.
num_vsnodes_deaths: 0.
num_space_committed: 761.
num_space_uncommitted: 0.
num_chunks_returned_to_freelist: 6.
num_chunks_taken_from_freelist: 2228.
num_chunk_merges: 6.
num_chunk_splits: 1617.
num_chunks_enlarged: 1289.
num_inconsistent_stats: 0.

CodeCache: size=49152Kb used=7852Kb max_used=8131Kb free=41299Kb
 bounds [0x0000022772dd0000, 0x00000227735d0000, 0x0000022775dd0000]
 total_blobs=5693, nmethods=5081, adapters=537, full_count=0
Compilation: enabled, stopped_count=0, restarted_count=0

Compilation events (20 events):
Event: 12.189 Thread 0x000002277b8fb560 5114       1       jdk.jfr.internal.EventControl::getEventType (5 bytes)
Event: 12.189 Thread 0x0000022747fd95b0 5115       1       jdk.jfr.internal.EventControl::getSettingsId (5 bytes)
Event: 12.189 Thread 0x000002277b8fb560 nmethod 5114 0x0000022772fcd808 code [0x0000022772fcd900, 0x0000022772fcd9c8]
Event: 12.189 Thread 0x0000022747fd95b0 nmethod 5115 0x0000022772fcd508 code [0x0000022772fcd600, 0x0000022772fcd6c8]
Event: 12.189 Thread 0x0000022747fd95b0 5119       1       jdk.jfr.internal.SettingsManager$InternalSetting::getValues (35 bytes)
Event: 12.189 Thread 0x000002277b8fb560 5118   !   1       jdk.jfr.internal.Control::setValue (102 bytes)
Event: 12.189 Thread 0x0000022747fd95b0 nmethod 5119 0x0000022772fcd188 code [0x0000022772fcd2c0, 0x0000022772fcd4b8]
Event: 12.189 Thread 0x0000022747fd95b0 5120       1       jdk.jfr.internal.Control::apply (10 bytes)
Event: 12.189 Thread 0x0000022747fd95b0 nmethod 5120 0x0000022772fcce88 code [0x0000022772fccfa0, 0x0000022772fcd0b0]
Event: 12.189 Thread 0x0000022747fd95b0 5121       1       jdk.jfr.internal.Control::findCombine (121 bytes)
Event: 12.189 Thread 0x000002277b8fb560 nmethod 5118 0x0000022772fcc588 code [0x0000022772fcc780, 0x0000022772fccdf0]
Event: 12.189 Thread 0x0000022747fd95b0 nmethod 5121 0x0000022772fcbc08 code [0x0000022772fcbdc0, 0x0000022772fcc530]
Event: 12.189 Thread 0x0000022747fd95b0 5116       1       jdk.jfr.internal.EventControl::getNamedControls (5 bytes)
Event: 12.189 Thread 0x000002277b8fb560 5117       1       jdk.jfr.internal.PlatformEventType::isEnabled (5 bytes)
Event: 12.190 Thread 0x0000022747fd95b0 nmethod 5116 0x0000022772fcb908 code [0x0000022772fcba00, 0x0000022772fcbac8]
Event: 12.190 Thread 0x000002277b8fb560 nmethod 5117 0x0000022772fcb608 code [0x0000022772fcb700, 0x0000022772fcb7c8]
Event: 12.193 Thread 0x000002277b8fb560 5122       1       jdk.jfr.internal.periodic.EventTask::getEventType (5 bytes)
Event: 12.193 Thread 0x000002277b8fb560 nmethod 5122 0x0000022772fcb308 code [0x0000022772fcb400, 0x0000022772fcb4c8]
Event: 12.193 Thread 0x000002277b8fb560 5123       1       jdk.jfr.internal.periodic.PeriodicTask::getPeriod (5 bytes)
Event: 12.193 Thread 0x000002277b8fb560 nmethod 5123 0x0000022772fcb008 code [0x0000022772fcb100, 0x0000022772fcb1c8]

GC Heap History (16 events):
Event: 1.530 GC heap before
{Heap before GC invocations=0 (full 0):
 garbage-first heap   total reserved 2056192K, committed 131072K, used 50292K [0x0000000082800000, 0x0000000100000000)
  region size 1024K, 47 young (48128K), 0 survivors (0K)
 Metaspace       used 11472K, committed 11776K, reserved 1114112K
  class space    used 1337K, committed 1472K, reserved 1048576K
}
Event: 1.538 GC heap after
{Heap after GC invocations=1 (full 0):
 garbage-first heap   total reserved 2056192K, committed 131072K, used 11342K [0x0000000082800000, 0x0000000100000000)
  region size 1024K, 6 young (6144K), 6 survivors (6144K)
 Metaspace       used 11472K, committed 11776K, reserved 1114112K
  class space    used 1337K, committed 1472K, reserved 1048576K
}
Event: 2.124 GC heap before
{Heap before GC invocations=1 (full 0):
 garbage-first heap   total reserved 2056192K, committed 131072K, used 54350K [0x0000000082800000, 0x0000000100000000)
  region size 1024K, 50 young (51200K), 6 survivors (6144K)
 Metaspace       used 21217K, committed 21504K, reserved 1114112K
  class space    used 2281K, committed 2432K, reserved 1048576K
}
Event: 2.132 GC heap after
{Heap after GC invocations=2 (full 0):
 garbage-first heap   total reserved 2056192K, committed 131072K, used 14747K [0x0000000082800000, 0x0000000100000000)
  region size 1024K, 5 young (5120K), 5 survivors (5120K)
 Metaspace       used 21217K, committed 21504K, reserved 1114112K
  class space    used 2281K, committed 2432K, reserved 1048576K
}
Event: 2.614 GC heap before
{Heap before GC invocations=3 (full 0):
 garbage-first heap   total reserved 2056192K, committed 55296K, used 42395K [0x0000000082800000, 0x0000000100000000)
  region size 1024K, 32 young (32768K), 5 survivors (5120K)
 Metaspace       used 25289K, committed 25664K, reserved 1114112K
  class space    used 2800K, committed 2944K, reserved 1048576K
}
Event: 2.622 GC heap after
{Heap after GC invocations=4 (full 0):
 garbage-first heap   total reserved 2056192K, committed 55296K, used 17291K [0x0000000082800000, 0x0000000100000000)
  region size 1024K, 3 young (3072K), 3 survivors (3072K)
 Metaspace       used 25289K, committed 25664K, reserved 1114112K
  class space    used 2800K, committed 2944K, reserved 1048576K
}
Event: 2.975 GC heap before
{Heap before GC invocations=4 (full 0):
 garbage-first heap   total reserved 2056192K, committed 55296K, used 39819K [0x0000000082800000, 0x0000000100000000)
  region size 1024K, 25 young (25600K), 3 survivors (3072K)
 Metaspace       used 28467K, committed 28864K, reserved 1114112K
  class space    used 3194K, committed 3392K, reserved 1048576K
}
Event: 2.982 GC heap after
{Heap after GC invocations=5 (full 0):
 garbage-first heap   total reserved 2056192K, committed 55296K, used 19206K [0x0000000082800000, 0x0000000100000000)
  region size 1024K, 2 young (2048K), 2 survivors (2048K)
 Metaspace       used 28467K, committed 28864K, reserved 1114112K
  class space    used 3194K, committed 3392K, reserved 1048576K
}
Event: 3.407 GC heap before
{Heap before GC invocations=5 (full 0):
 garbage-first heap   total reserved 2056192K, committed 55296K, used 41734K [0x0000000082800000, 0x0000000100000000)
  region size 1024K, 25 young (25600K), 2 survivors (2048K)
 Metaspace       used 34584K, committed 35072K, reserved 1114112K
  class space    used 3867K, committed 4096K, reserved 1048576K
}
Event: 3.409 GC heap after
{Heap after GC invocations=6 (full 0):
 garbage-first heap   total reserved 2056192K, committed 55296K, used 20303K [0x0000000082800000, 0x0000000100000000)
  region size 1024K, 4 young (4096K), 4 survivors (4096K)
 Metaspace       used 34584K, committed 35072K, reserved 1114112K
  class space    used 3867K, committed 4096K, reserved 1048576K
}
Event: 3.491 GC heap before
{Heap before GC invocations=6 (full 0):
 garbage-first heap   total reserved 2056192K, committed 55296K, used 23375K [0x0000000082800000, 0x0000000100000000)
  region size 1024K, 8 young (8192K), 4 survivors (4096K)
 Metaspace       used 35583K, committed 35968K, reserved 1114112K
  class space    used 3975K, committed 4160K, reserved 1048576K
}
Event: 3.494 GC heap after
{Heap after GC invocations=7 (full 0):
 garbage-first heap   total reserved 2056192K, committed 55296K, used 20647K [0x0000000082800000, 0x0000000100000000)
  region size 1024K, 2 young (2048K), 2 survivors (2048K)
 Metaspace       used 35583K, committed 35968K, reserved 1114112K
  class space    used 3975K, committed 4160K, reserved 1048576K
}
Event: 5.091 GC heap before
{Heap before GC invocations=8 (full 0):
 garbage-first heap   total reserved 2056192K, committed 55296K, used 44199K [0x0000000082800000, 0x0000000100000000)
  region size 1024K, 26 young (26624K), 2 survivors (2048K)
 Metaspace       used 43513K, committed 43968K, reserved 1114112K
  class space    used 4859K, committed 5056K, reserved 1048576K
}
Event: 5.094 GC heap after
{Heap after GC invocations=9 (full 0):
 garbage-first heap   total reserved 2056192K, committed 55296K, used 22048K [0x0000000082800000, 0x0000000100000000)
  region size 1024K, 3 young (3072K), 3 survivors (3072K)
 Metaspace       used 43513K, committed 43968K, reserved 1114112K
  class space    used 4859K, committed 5056K, reserved 1048576K
}
Event: 5.496 GC heap before
{Heap before GC invocations=9 (full 0):
 garbage-first heap   total reserved 2056192K, committed 55296K, used 46624K [0x0000000082800000, 0x0000000100000000)
  region size 1024K, 27 young (27648K), 3 survivors (3072K)
 Metaspace       used 46575K, committed 47104K, reserved 1114112K
  class space    used 5204K, committed 5440K, reserved 1048576K
}
Event: 5.502 GC heap after
{Heap after GC invocations=10 (full 0):
 garbage-first heap   total reserved 2056192K, committed 55296K, used 24227K [0x0000000082800000, 0x0000000100000000)
  region size 1024K, 4 young (4096K), 4 survivors (4096K)
 Metaspace       used 46575K, committed 47104K, reserved 1114112K
  class space    used 5204K, committed 5440K, reserved 1048576K
}

Dll operation events (13 events):
Event: 0.015 Loaded shared library C:\Program Files\Java\jdk-24.0.1\bin\java.dll
Event: 0.138 Loaded shared library C:\Program Files\Java\jdk-24.0.1\bin\zip.dll
Event: 0.143 Loaded shared library C:\Program Files\Java\jdk-24.0.1\bin\instrument.dll
Event: 0.147 Loaded shared library C:\Program Files\Java\jdk-24.0.1\bin\net.dll
Event: 0.150 Loaded shared library C:\Program Files\Java\jdk-24.0.1\bin\nio.dll
Event: 0.153 Loaded shared library C:\Program Files\Java\jdk-24.0.1\bin\zip.dll
Event: 0.297 Loaded shared library C:\Program Files\Java\jdk-24.0.1\bin\jimage.dll
Event: 0.304 Loaded shared library C:\Program Files\Java\jdk-24.0.1\bin\extnet.dll
Event: 0.328 Loaded shared library C:\Program Files\Java\jdk-24.0.1\bin\management.dll
Event: 0.345 Loaded shared library C:\Program Files\Java\jdk-24.0.1\bin\management_ext.dll
Event: 1.935 Loaded shared library C:\Program Files\Java\jdk-24.0.1\bin\sunmscapi.dll
Event: 3.309 Loaded shared library C:\Program Files\Java\jdk-24.0.1\bin\verify.dll
Event: 12.078 Loaded shared library C:\Users\narci\AppData\Local\Temp\idea_libasyncProfiler_dll_temp_folder5395\libasyncProfiler.dll

Deoptimization events (0 events):
No events

Classes loaded (20 events):
Event: 12.173 Loading class jdk/jfr/internal/MetadataWriter
Event: 12.173 Loading class jdk/jfr/internal/MetadataWriter done
Event: 12.173 Loading class jdk/jfr/internal/MetadataDescriptor$Element
Event: 12.173 Loading class jdk/jfr/internal/MetadataDescriptor$Element done
Event: 12.174 Loading class jdk/jfr/internal/MetadataDescriptor$Attribute
Event: 12.174 Loading class jdk/jfr/internal/MetadataDescriptor$Attribute done
Event: 12.177 Loading class jdk/jfr/internal/consumer/StringParser$Encoding
Event: 12.178 Loading class jdk/jfr/internal/consumer/StringParser$Encoding done
Event: 12.183 Loading class jdk/jfr/internal/consumer/RepositoryFiles
Event: 12.184 Loading class jdk/jfr/internal/consumer/RepositoryFiles done
Event: 12.187 Loading class jdk/jfr/internal/SettingsManager$InternalSetting
Event: 12.187 Loading class jdk/jfr/internal/SettingsManager$InternalSetting done
Event: 12.188 Loading class jdk/jfr/internal/util/Rate
Event: 12.188 Loading class jdk/jfr/internal/util/Rate done
Event: 12.188 Loading class jdk/jfr/internal/util/TimespanUnit
Event: 12.188 Loading class jdk/jfr/internal/util/TimespanUnit done
Event: 12.188 Loading class jdk/jfr/internal/util/ValueParser
Event: 12.188 Loading class jdk/jfr/internal/util/ValueParser done
Event: 12.189 Loading class jdk/jfr/internal/periodic/PeriodicType
Event: 12.189 Loading class jdk/jfr/internal/periodic/PeriodicType done

Classes unloaded (0 events):
No events

Classes redefined (0 events):
No events

Internal exceptions (20 events):
Event: 5.288 Thread 0x000002276a2c7fc0 Exception <a 'java/lang/NoSuchMethodError'{0x000000008526b1a0}: 'int java.lang.invoke.DirectMethodHandle$Holder.invokeStaticInit(java.lang.Object, long, long)'> (0x000000008526b1a0) 
thrown [s\open\src\hotspot\share\interpreter\linkResolver.cpp, line 805]
Event: 5.289 Thread 0x000002276a2c7fc0 Exception <a 'java/lang/NoSuchMethodError'{0x000000008527ffb0}: 'int java.lang.invoke.DirectMethodHandle$Holder.invokeStaticInit(java.lang.Object, float, float)'> (0x000000008527ffb0) 
thrown [s\open\src\hotspot\share\interpreter\linkResolver.cpp, line 805]
Event: 5.289 Thread 0x000002276a2c7fc0 Exception <a 'java/lang/NoSuchMethodError'{0x0000000085290a60}: 'int java.lang.invoke.DirectMethodHandle$Holder.invokeStaticInit(java.lang.Object, double, double)'> (0x0000000085290a60) 
thrown [s\open\src\hotspot\share\interpreter\linkResolver.cpp, line 805]
Event: 5.289 Thread 0x000002276a2c7fc0 Exception <a 'java/lang/NoSuchMethodError'{0x000000008529a1e0}: 'int java.lang.invoke.DirectMethodHandle$Holder.invokeStatic(java.lang.Object, long)'> (0x000000008529a1e0) 
thrown [s\open\src\hotspot\share\interpreter\linkResolver.cpp, line 805]
Event: 5.290 Thread 0x000002276a2c7fc0 Exception <a 'java/lang/NoSuchMethodError'{0x00000000852b3b00}: 'java.lang.Object java.lang.invoke.DirectMethodHandle$Holder.invokeStatic(java.lang.Object, float)'> (0x00000000852b3b00) 
thrown [s\open\src\hotspot\share\interpreter\linkResolver.cpp, line 805]
Event: 5.291 Thread 0x000002276a2c7fc0 Exception <a 'java/lang/NoSuchMethodError'{0x00000000852ecc28}: 'int java.lang.invoke.Invokers$Holder.linkToTargetMethod(java.lang.Object, java.lang.Object)'> (0x00000000852ecc28) 
thrown [s\open\src\hotspot\share\interpreter\linkResolver.cpp, line 805]
Event: 5.292 Thread 0x000002276a2c7fc0 Exception <a 'java/lang/NoSuchMethodError'{0x00000000851003d8}: 'void java.lang.invoke.Invokers$Holder.invokeExact_MT(java.lang.Object, java.lang.Object, java.lang.Object, java.lang.Object)'> (0x00000000851003d8) 
thrown [s\open\src\hotspot\share\interpreter\linkResolver.cpp, line 805]
Event: 5.327 Thread 0x000002276a2c7fc0 Exception <a 'java/lang/IncompatibleClassChangeError'{0x00000000850cb5f8}: Found class java.lang.Object, but interface was expected> (0x00000000850cb5f8) 
thrown [s\open\src\hotspot\share\interpreter\linkResolver.cpp, line 872]
Event: 5.361 Thread 0x000002276a2c7fc0 Exception <a 'java/lang/NoSuchMethodError'{0x0000000084d23640}: 'void java.lang.invoke.DirectMethodHandle$Holder.invokeVirtual(java.lang.Object, java.lang.Object, long)'> (0x0000000084d23640) 
thrown [s\open\src\hotspot\share\interpreter\linkResolver.cpp, line 805]
Event: 5.395 Thread 0x000002276a2c7fc0 Exception <a 'java/lang/NoSuchMethodError'{0x0000000084b307a0}: 'int java.lang.invoke.DirectMethodHandle$Holder.invokeStaticInit(java.lang.Object, java.lang.Object, java.lang.Object, java.lang.Object)'> (0x0000000084b307a0) 
thrown [s\open\src\hotspot\share\interpreter\linkResolver.cpp, line 805]
Event: 5.440 Thread 0x000002276a2c7fc0 Exception <a 'java/lang/IncompatibleClassChangeError'{0x00000000849d65b8}: Found class java.lang.Object, but interface was expected> (0x00000000849d65b8) 
thrown [s\open\src\hotspot\share\interpreter\linkResolver.cpp, line 872]
Event: 5.540 Thread 0x000002276a2c7fc0 Exception <a 'java/lang/NoSuchMethodError'{0x00000000879a31e0}: 'java.lang.Object java.lang.invoke.DirectMethodHandle$Holder.newInvokeSpecial(java.lang.Object, java.lang.Object, int, java.lang.Object, java.lang.Object)'> (0x00000000879a31e0) 
thrown [s\open\src\hotspot\share\interpreter\linkResolver.cpp, line 805]
Event: 6.003 Thread 0x0000022745a64300 Exception <a 'java/lang/NoSuchMethodError'{0x0000000086f5e040}: 'java.lang.Object java.lang.invoke.DirectMethodHandle$Holder.invokeInterface(java.lang.Object, java.lang.Object, java.lang.Object, java.lang.Object, java.lang.Object, java.lang.Object, java.lang.Object)'> (0x0000000086f5e040) 
thrown [s\open\src\hotspot\share\interpreter\linkResolver.cpp, line 805]
Event: 12.114 Thread 0x000002277b8f7ee0 Exception <a 'java/lang/NoSuchMethodError'{0x0000000086ec8ec0}: 'void java.lang.invoke.DirectMethodHandle$Holder.invokeStaticInit(java.lang.Object)'> (0x0000000086ec8ec0) 
thrown [s\open\src\hotspot\share\interpreter\linkResolver.cpp, line 805]
Event: 12.164 Thread 0x000002277b8f7ee0 Exception <a 'java/lang/NoSuchMethodError'{0x000000008506c160}: 'void java.lang.invoke.DirectMethodHandle$Holder.invokeSpecial(java.lang.Object, java.lang.Object, int)'> (0x000000008506c160) 
thrown [s\open\src\hotspot\share\interpreter\linkResolver.cpp, line 805]
Event: 12.164 Thread 0x000002277b8f7ee0 Exception <a 'java/lang/NoSuchMethodError'{0x0000000085074178}: 'void java.lang.invoke.Invokers$Holder.invokeExact_MT(java.lang.Object, int, java.lang.Object)'> (0x0000000085074178) 
thrown [s\open\src\hotspot\share\interpreter\linkResolver.cpp, line 805]
Event: 12.166 Thread 0x000002277b8f7ee0 Exception <a 'java/lang/NoSuchMethodError'{0x0000000085095698}: 'java.lang.Object java.lang.invoke.DirectMethodHandle$Holder.newInvokeSpecial(java.lang.Object, java.lang.Object, int)'> (0x0000000085095698) 
thrown [s\open\src\hotspot\share\interpreter\linkResolver.cpp, line 805]
Event: 12.168 Thread 0x000002277b8f7ee0 Exception <a 'sun/nio/fs/WindowsException'{0x00000000850e0000}> (0x00000000850e0000) 
thrown [s\open\src\hotspot\share\prims\jni.cpp, line 518]
Event: 12.169 Thread 0x000002277b8f7ee0 Exception <a 'sun/nio/fs/WindowsException'{0x00000000850ecef8}> (0x00000000850ecef8) 
thrown [s\open\src\hotspot\share\prims\jni.cpp, line 518]
Event: 12.171 Thread 0x000002277b8f7ee0 Exception <a 'sun/nio/fs/WindowsException'{0x00000000850fec00}> (0x00000000850fec00) 
thrown [s\open\src\hotspot\share\prims\jni.cpp, line 518]

VM Operations (20 events):
Event: 3.596 Executing VM operation: HandshakeAllThreads (Deoptimize)
Event: 3.596 Executing VM operation: HandshakeAllThreads (Deoptimize) done
Event: 5.091 Executing VM operation: G1CollectForAllocation (G1 Evacuation Pause)
Event: 5.094 Executing VM operation: G1CollectForAllocation (G1 Evacuation Pause) done
Event: 5.099 Executing VM operation: HandshakeAllThreads (Deoptimize)
Event: 5.099 Executing VM operation: HandshakeAllThreads (Deoptimize) done
Event: 5.205 Executing VM operation: HandshakeAllThreads (Deoptimize)
Event: 5.205 Executing VM operation: HandshakeAllThreads (Deoptimize) done
Event: 5.241 Executing VM operation: HandshakeAllThreads (Deoptimize)
Event: 5.241 Executing VM operation: HandshakeAllThreads (Deoptimize) done
Event: 5.281 Executing VM operation: HandshakeAllThreads (Deoptimize)
Event: 5.281 Executing VM operation: HandshakeAllThreads (Deoptimize) done
Event: 5.333 Executing VM operation: HandshakeAllThreads (Deoptimize)
Event: 5.333 Executing VM operation: HandshakeAllThreads (Deoptimize) done
Event: 5.379 Executing VM operation: HandshakeAllThreads (Deoptimize)
Event: 5.379 Executing VM operation: HandshakeAllThreads (Deoptimize) done
Event: 5.496 Executing VM operation: G1CollectForAllocation (G1 Evacuation Pause)
Event: 5.502 Executing VM operation: G1CollectForAllocation (G1 Evacuation Pause) done
Event: 12.184 Executing VM operation: JFRSafepointClear
Event: 12.184 Executing VM operation: JFRSafepointClear done

Memory protections (0 events):
No events

Nmethod flushes (20 events):
Event: 3.504 Thread 0x000002277b8d5d50 flushing  nmethod 0x0000022773048408
Event: 3.504 Thread 0x000002277b8d5d50 flushing  nmethod 0x0000022773048808
Event: 3.504 Thread 0x000002277b8d5d50 flushing  nmethod 0x000002277309fd88
Event: 3.504 Thread 0x000002277b8d5d50 flushing  nmethod 0x00000227730ce608
Event: 3.504 Thread 0x000002277b8d5d50 flushing  nmethod 0x0000022773109f08
Event: 3.504 Thread 0x000002277b8d5d50 flushing  nmethod 0x000002277310bd08
Event: 3.504 Thread 0x000002277b8d5d50 flushing  nmethod 0x000002277314c208
Event: 3.504 Thread 0x000002277b8d5d50 flushing  nmethod 0x00000227731f2388
Event: 3.504 Thread 0x000002277b8d5d50 flushing  nmethod 0x0000022773263908
Event: 3.504 Thread 0x000002277b8d5d50 flushing  nmethod 0x0000022773038608
Event: 3.504 Thread 0x000002277b8d5d50 flushing  nmethod 0x000002277306c988
Event: 3.504 Thread 0x000002277b8d5d50 flushing  nmethod 0x000002277306cd08
Event: 3.504 Thread 0x000002277b8d5d50 flushing  nmethod 0x000002277306d108
Event: 3.504 Thread 0x000002277b8d5d50 flushing  nmethod 0x00000227731ea788
Event: 3.504 Thread 0x000002277b8d5d50 flushing  nmethod 0x0000022773211488
Event: 3.504 Thread 0x000002277b8d5d50 flushing  nmethod 0x000002277325ff88
Event: 3.504 Thread 0x000002277b8d5d50 flushing  nmethod 0x00000227730dd688
Event: 3.504 Thread 0x000002277b8d5d50 flushing  nmethod 0x00000227730f4b88
Event: 3.504 Thread 0x000002277b8d5d50 flushing  nmethod 0x000002277315b288
Event: 3.504 Thread 0x000002277b8d5d50 flushing  nmethod 0x0000022773441188

Events (20 events):
Event: 5.545 Thread 0x000002276a2c7fc0 Thread added: 0x0000022747580f70
Event: 5.545 Thread 0x000002276a2c7fc0 Thread added: 0x00000227475816c0
Event: 5.545 Thread 0x000002276a2c7fc0 Thread added: 0x000002274757f230
Event: 5.546 Thread 0x000002276a2c7fc0 Thread added: 0x000002274757f980
Event: 5.546 Thread 0x000002276a2c7fc0 Thread added: 0x000002274757eae0
Event: 5.553 Thread 0x000002276a2c7fc0 Thread added: 0x0000022747580820
Event: 5.554 Thread 0x000002276a2c7fc0 Thread added: 0x00000227475bb730
Event: 5.569 Thread 0x000002276a2c7fc0 Thread exited: 0x000002276a2c7fc0
Event: 5.569 Thread 0x00000227475b8b50 Thread added: 0x00000227475b8b50
Event: 5.995 Thread 0x0000022745a64300 Thread added: 0x00000227475bafe0
Event: 5.999 Thread 0x00000227475bafe0 Thread exited: 0x00000227475bafe0
Event: 5.999 Thread 0x0000022745a64300 Thread added: 0x00000227475ba890
Event: 6.006 Thread 0x00000227475ba890 Thread exited: 0x00000227475ba890
Event: 6.007 Thread 0x0000022745a64300 Thread added: 0x00000227475b99f0
Event: 6.012 Thread 0x00000227475b99f0 Thread exited: 0x00000227475b99f0
Event: 7.328 Thread 0x00000227450b7f00 Thread exited: 0x00000227450b7f00
Event: 9.415 Thread 0x00000227450b75b0 Thread exited: 0x00000227450b75b0
Event: 12.112 Thread 0x000002277b8f7ee0 Thread added: 0x00000227475bbe80
Event: 12.145 Thread 0x000002277b8fb560 Thread added: 0x0000022747fd95b0
Event: 12.166 Thread 0x000002277b8f7ee0 Thread added: 0x00000227475b99f0


Dynamic libraries:
0x00007ff77fa90000 - 0x00007ff77faa0000 	C:\Program Files\Java\jdk-24.0.1\bin\java.exe
0x00007ffb4a9c0000 - 0x00007ffb4ac20000 	C:\WINDOWS\SYSTEM32\ntdll.dll
0x00007ffb497d0000 - 0x00007ffb49897000 	C:\WINDOWS\System32\KERNEL32.DLL
0x00007ffb483f0000 - 0x00007ffb487ba000 	C:\WINDOWS\System32\KERNELBASE.dll
0x00007ffb47c80000 - 0x00007ffb47dcb000 	C:\WINDOWS\System32\ucrtbase.dll
0x00007ffb3a5c0000 - 0x00007ffb3a5db000 	C:\Program Files\Java\jdk-24.0.1\bin\VCRUNTIME140.dll
0x00007ffb3a3f0000 - 0x00007ffb3a406000 	C:\Program Files\Java\jdk-24.0.1\bin\jli.dll
0x00007ffb4a780000 - 0x00007ffb4a94c000 	C:\WINDOWS\System32\USER32.dll
0x00007ffb36e80000 - 0x00007ffb37117000 	C:\WINDOWS\WinSxS\amd64_microsoft.windows.common-controls_6595b64144ccf1df_6.0.26100.3624_none_3e086962e3345f24\COMCTL32.dll
0x00007ffb47c50000 - 0x00007ffb47c77000 	C:\WINDOWS\System32\win32u.dll
0x00007ffb4a330000 - 0x00007ffb4a3d9000 	C:\WINDOWS\System32\msvcrt.dll
0x00007ffb4a950000 - 0x00007ffb4a97a000 	C:\WINDOWS\System32\GDI32.dll
0x00007ffb48090000 - 0x00007ffb481c1000 	C:\WINDOWS\System32\gdi32full.dll
0x00007ffb47ba0000 - 0x00007ffb47c43000 	C:\WINDOWS\System32\msvcp_win.dll
0x00007ffb4a2f0000 - 0x00007ffb4a31f000 	C:\WINDOWS\System32\IMM32.DLL
0x00007ffb42c30000 - 0x00007ffb42c3c000 	C:\Program Files\Java\jdk-24.0.1\bin\vcruntime140_1.dll
0x00007ffb0fe60000 - 0x00007ffb0feee000 	C:\Program Files\Java\jdk-24.0.1\bin\msvcp140.dll
0x00007ffa7a360000 - 0x00007ffa7b102000 	C:\Program Files\Java\jdk-24.0.1\bin\server\jvm.dll
0x00007ffb49d50000 - 0x00007ffb49e02000 	C:\WINDOWS\System32\ADVAPI32.dll
0x00007ffb487c0000 - 0x00007ffb48866000 	C:\WINDOWS\System32\sechost.dll
0x00007ffb48e30000 - 0x00007ffb48f46000 	C:\WINDOWS\System32\RPCRT4.dll
0x00007ffb49c60000 - 0x00007ffb49cd4000 	C:\WINDOWS\System32\WS2_32.dll
0x00007ffb467d0000 - 0x00007ffb4682e000 	C:\WINDOWS\SYSTEM32\POWRPROF.dll
0x00007ffb3c4c0000 - 0x00007ffb3c4f6000 	C:\WINDOWS\SYSTEM32\WINMM.dll
0x00007ffb41bd0000 - 0x00007ffb41bdb000 	C:\WINDOWS\SYSTEM32\VERSION.dll
0x00007ffb467b0000 - 0x00007ffb467c4000 	C:\WINDOWS\SYSTEM32\UMPDC.dll
0x00007ffb46a90000 - 0x00007ffb46aaa000 	C:\WINDOWS\SYSTEM32\kernel.appcore.dll
0x00007ffb3fe80000 - 0x00007ffb3fe8a000 	C:\Program Files\Java\jdk-24.0.1\bin\jimage.dll
0x00007ffb450a0000 - 0x00007ffb452e1000 	C:\WINDOWS\SYSTEM32\DBGHELP.DLL
0x00007ffb4a3e0000 - 0x00007ffb4a762000 	C:\WINDOWS\System32\combase.dll
0x00007ffb48980000 - 0x00007ffb48a56000 	C:\WINDOWS\System32\OLEAUT32.dll
0x00007ffabb2f0000 - 0x00007ffabb329000 	C:\WINDOWS\SYSTEM32\dbgcore.DLL
0x00007ffb481d0000 - 0x00007ffb48269000 	C:\WINDOWS\System32\bcryptPrimitives.dll
0x00007ffb3fa50000 - 0x00007ffb3fa5f000 	C:\Program Files\Java\jdk-24.0.1\bin\instrument.dll
0x00007ffb3a260000 - 0x00007ffb3a27e000 	C:\Program Files\Java\jdk-24.0.1\bin\java.dll
0x00007ffb49ab0000 - 0x00007ffb49c46000 	C:\WINDOWS\System32\ole32.dll
0x00007ffb48f50000 - 0x00007ffb49679000 	C:\WINDOWS\System32\SHELL32.dll
0x00007ffb47f20000 - 0x00007ffb48088000 	C:\WINDOWS\System32\wintypes.dll
0x00007ffb45820000 - 0x00007ffb46072000 	C:\WINDOWS\SYSTEM32\windows.storage.dll
0x00007ffb48c40000 - 0x00007ffb48d2d000 	C:\WINDOWS\System32\SHCORE.dll
0x00007ffb49ce0000 - 0x00007ffb49d44000 	C:\WINDOWS\System32\shlwapi.dll
0x00007ffb47ab0000 - 0x00007ffb47adf000 	C:\WINDOWS\SYSTEM32\profapi.dll
0x00007ffb31ca0000 - 0x00007ffb31cb7000 	C:\Program Files\Java\jdk-24.0.1\bin\zip.dll
0x00007ffb3a500000 - 0x00007ffb3a510000 	C:\Program Files\Java\jdk-24.0.1\bin\net.dll
0x00007ffb46f90000 - 0x00007ffb46ffa000 	C:\WINDOWS\system32\mswsock.dll
0x00007ffb3a000000 - 0x00007ffb3a016000 	C:\Program Files\Java\jdk-24.0.1\bin\nio.dll
0x00007ffb3a1f0000 - 0x00007ffb3a1f9000 	C:\Program Files\Java\jdk-24.0.1\bin\extnet.dll
0x00007ffb46500000 - 0x00007ffb46625000 	C:\WINDOWS\SYSTEM32\DNSAPI.dll
0x00007ffb46460000 - 0x00007ffb46493000 	C:\WINDOWS\SYSTEM32\IPHLPAPI.DLL
0x00007ffb49680000 - 0x00007ffb4968a000 	C:\WINDOWS\System32\NSI.dll
0x00007ffb3e320000 - 0x00007ffb3e32b000 	C:\Windows\System32\rasadhlp.dll
0x00007ffb3f8f0000 - 0x00007ffb3f975000 	C:\WINDOWS\System32\fwpuclnt.dll
0x00007ffb3fa40000 - 0x00007ffb3fa4a000 	C:\Program Files\Java\jdk-24.0.1\bin\management.dll
0x00007ffb31c90000 - 0x00007ffb31c9b000 	C:\Program Files\Java\jdk-24.0.1\bin\management_ext.dll
0x00007ffb488f0000 - 0x00007ffb488f8000 	C:\WINDOWS\System32\PSAPI.DLL
0x00007ffb47340000 - 0x00007ffb4735c000 	C:\WINDOWS\SYSTEM32\CRYPTSP.dll
0x00007ffb469f0000 - 0x00007ffb46a2a000 	C:\WINDOWS\system32\rsaenh.dll
0x00007ffb47030000 - 0x00007ffb4705b000 	C:\WINDOWS\SYSTEM32\USERENV.dll
0x00007ffb47a80000 - 0x00007ffb47aa6000 	C:\WINDOWS\SYSTEM32\bcrypt.dll
0x00007ffb471c0000 - 0x00007ffb471cc000 	C:\WINDOWS\SYSTEM32\CRYPTBASE.dll
0x00007ffb2c740000 - 0x00007ffb2c758000 	C:\WINDOWS\system32\napinsp.dll
0x00007ffb27670000 - 0x00007ffb27682000 	C:\WINDOWS\System32\winrnr.dll
0x00007ffb0d430000 - 0x00007ffb0d460000 	C:\WINDOWS\system32\nlansp_c.dll
0x00007ffb40580000 - 0x00007ffb40596000 	C:\WINDOWS\system32\wshbth.dll
0x00007ffb37120000 - 0x00007ffb3716e000 	C:\WINDOWS\SYSTEM32\pdh.dll
0x00007ffb39900000 - 0x00007ffb3990e000 	C:\Program Files\Java\jdk-24.0.1\bin\sunmscapi.dll
0x00007ffb48270000 - 0x00007ffb483e7000 	C:\WINDOWS\System32\CRYPT32.dll
0x00007ffb47490000 - 0x00007ffb474c0000 	C:\WINDOWS\SYSTEM32\ncrypt.dll
0x00007ffb47440000 - 0x00007ffb4747f000 	C:\WINDOWS\SYSTEM32\NTASN1.dll
0x00007ffb41580000 - 0x00007ffb41592000 	C:\WINDOWS\System32\perfproc.dll
0x00007ffb2ce30000 - 0x00007ffb2ce41000 	C:\WINDOWS\System32\perfos.dll
0x00007ffb44b20000 - 0x00007ffb44b32000 	C:\WINDOWS\SYSTEM32\pfclient.dll
0x00007ffb39a00000 - 0x00007ffb39a10000 	C:\Program Files\Java\jdk-24.0.1\bin\verify.dll
0x00007ffb250f0000 - 0x00007ffb250f8000 	C:\WINDOWS\system32\wshunix.dll
0x00007ffaf9d50000 - 0x00007ffaf9f48000 	C:\Users\narci\AppData\Local\Temp\idea_libasyncProfiler_dll_temp_folder5395\libasyncProfiler.dll

JVMTI agents:
C:\Users\narci\AppData\Local\Programs\IntelliJ IDEA Ultimate\lib\idea_rt.jar path:C:\Program Files\Java\jdk-24.0.1\bin\instrument.dll, loaded, initialized, instrumentlib options:57792

dbghelp: loaded successfully - version: 4.0.5 - missing functions: none
symbol engine: initialized successfully - sym options: 0x614 - pdb path: .;C:\Program Files\Java\jdk-24.0.1\bin;C:\WINDOWS\SYSTEM32;C:\WINDOWS\WinSxS\amd64_microsoft.windows.common-controls_6595b64144ccf1df_6.0.26100.3624_none_3e086962e3345f24;C:\Program Files\Java\jdk-24.0.1\bin\server;C:\Users\narci\AppData\Local\Temp\idea_libasyncProfiler_dll_temp_folder5395

VM Arguments:
jvm_args: -XX:TieredStopAtLevel=1 -Dspring.output.ansi.enabled=always -Dcom.sun.management.jmxremote -Dspring.jmx.enabled=true -Dspring.liveBeansView.mbeanDomain -Dspring.application.admin.enabled=true -Dmanagement.endpoints.jmx.exposure.include=* -javaagent:C:\Users\narci\AppData\Local\Programs\IntelliJ IDEA Ultimate\lib\idea_rt.jar=57792 -Dfile.encoding=UTF-8 -Dsun.stdout.encoding=UTF-8 -Dsun.stderr.encoding=UTF-8 
java_command: com.flavormetrics.api.FlavorMetricsApiApplication
java_class_path (initial): C:\Users\narci\Programming\Java\server\target\classes;C:\Users\narci\.m2\repository\org\springframework\boot\spring-boot-starter-data-jpa\3.4.4\spring-boot-starter-data-jpa-3.4.4.jar;C:\Users\narci\.m2\repository\org\springframework\boot\spring-boot-starter\3.4.4\spring-boot-starter-3.4.4.jar;C:\Users\narci\.m2\repository\org\springframework\boot\spring-boot\3.4.4\spring-boot-3.4.4.jar;C:\Users\narci\.m2\repository\org\springframework\boot\spring-boot-autoconfigure\3.4.4\spring-boot-autoconfigure-3.4.4.jar;C:\Users\narci\.m2\repository\org\springframework\boot\spring-boot-starter-logging\3.4.4\spring-boot-starter-logging-3.4.4.jar;C:\Users\narci\.m2\repository\ch\qos\logback\logback-classic\1.5.18\logback-classic-1.5.18.jar;C:\Users\narci\.m2\repository\ch\qos\logback\logback-core\1.5.18\logback-core-1.5.18.jar;C:\Users\narci\.m2\repository\org\apache\logging\log4j\log4j-to-slf4j\2.24.3\log4j-to-slf4j-2.24.3.jar;C:\Users\narci\.m2\repository\org\apache\logging\log4j\log4j-api\2.24.3\log4j-api-2.24.3.jar;C:\Users\narci\.m2\repository\org\slf4j\jul-to-slf4j\2.0.17\jul-to-slf4j-2.0.17.jar;C:\Users\narci\.m2\repository\jakarta\annotation\jakarta.annotation-api\2.1.1\jakarta.annotation-api-2.1.1.jar;C:\Users\narci\.m2\repository\org\yaml\snakeyaml\2.3\snakeyaml-2.3.jar;C:\Users\narci\.m2\repository\org\springframework\boot\spring-boot-starter-jdbc\3.4.4\spring-boot-starter-jdbc-3.4.4.jar;C:\Users\narci\.m2\repository\com\zaxxer\HikariCP\5.1.0\HikariCP-5.1.0.jar;C:\Users\narci\.m2\repository\org\springframework\spring-jdbc\6.2.5\spring-jdbc-6.2.5.jar;C:\Users\narci\.m2\repository\org\hibernate\orm\hibernate-core\6.6.11.Final\hibernate-core-6.6.11.Final.jar;C:\Users\narci\.m2\repository\jakarta\persistence\jakarta.persistence-api\3.1.0\jakarta.persistence-api-3.1.0.jar;C:\Users\narci\.m2\repository\jakarta\transaction\jakarta.transaction-api\2.0.1\jakarta.transaction-api-2.0.1.jar;C:\Users\narci\.m2\repository\org\jboss\logging\jboss-logging\3.6.1.Final\jboss-logging-3.6.1.Final.jar;C:\Users\narci\.m2\repository\org\hibernate\common\hibernate-commons-annotations\7.0.3.Final\hibernate-commons-annotations-7.0.3.Final.jar;C:\Users\narci\.m2\repository\io\smallrye\jandex\3.2.0\jandex-3.2.0.jar;C:\Users\narci\.m2\repository\com\fasterxml\classmate\1.7.0\classmate-1.7.0.jar;C:\Users\narci\.m2\repository\net\bytebuddy\byte-buddy\1.15.11\byte-buddy-1.15.11.jar;C:\Users\narci\.m2\repository\org\glassfish\jaxb\jaxb-runtime\4.0.5\jaxb-runtime-4.0.5.jar;C:\Users\narci\.m2\repository\org\glassfish\jaxb\jaxb-core\4.0.5\jaxb-core-4.0.5.jar;C:\Users\narci\.m2\repository\org\eclipse\angus\angus-activation\2.0.2\angus-activation-2.0.2.jar;C:\Users\narci\.m2\repository\org\glassfish\jaxb\txw2\4.0.5\txw2-4.0.5.jar;C:\Users\narci\.m2\repository\com\sun\istack\istack-commons-runtime\4.1.2\istack-commons-runtime-4.1.2.jar;C:\Users\narci\.m2\repository\jakarta\inject\jakarta.inject-api\2.0.1\jakarta.inject-api-2.0.1.jar;C:\Users\narci\.m2\repository\org\antlr\antlr4-runtime\4.13.0\antlr4-runtime-4.13.0.jar;C:\Users\narci\.m2\repository\org\springframework\data\spring-data-jpa\3.4.4\spring-data-jpa-3.4.4.jar;C:\Users\narci\.m2\repository\org\springframework\data\spring-data-commons\3.4.4\spring-data-commons-3.4.4.jar;C:\Users\narci\.m2\repository\org\springframework\spring-orm\6.2.5\spring-orm-6.2.5.jar;C:\Users\narci\.m2\repository\org\springframework\spring-context\6.2.5\spring-context-6.2.5.jar;C:\Users\narci\.m2\repository\org\springframework\spring-aop\6.2.5\spring-aop-6.2.5.jar;C:\Users\narci\.m2\repository\org\springframework\spring-tx\6.2.5\spring-tx-6.2.5.jar;C:\Users\narci\.m2\repository\org\springframework\spring-beans\6.2.5\spring-beans-6.2.5.jar;C:\Users\narci\.m2\repository\org\slf4j\slf4j-api\2.0.17\slf4j-api-2.0.17.jar;C:\Users\narci\.m2\repository\org\springframework\spring-aspects\6.2.5\spring-aspects-6.2.5.jar;C:\Users\narci\.m2\repository\org\aspectj\aspectjweaver\1.9.23\aspectjweaver-1.9.23.jar;C:\Users\narci\.m2\repository\org\springframework\boot\spring-boot-starter-web\3.4.4\spring-boot-starter-web-3.4.4.jar;C:\Users\narci\.m2\repository\org\springframework\boot\spring-boot-starter-json\3.4.4\spring-boot-starter-json-3.4.4.jar;C:\Users\narci\.m2\repository\com\fasterxml\jackson\core\jackson-databind\2.18.3\jackson-databind-2.18.3.jar;C:\Users\narci\.m2\repository\com\fasterxml\jackson\core\jackson-annotations\2.18.3\jackson-annotations-2.18.3.jar;C:\Users\narci\.m2\repository\com\fasterxml\jackson\core\jackson-core\2.18.3\jackson-core-2.18.3.jar;C:\Users\narci\.m2\repository\com\fasterxml\jackson\datatype\jackson-datatype-jdk8\2.18.3\jackson-datatype-jdk8-2.18.3.jar;C:\Users\narci\.m2\repository\com\fasterxml\jackson\datatype\jackson-datatype-jsr310\2.18.3\jackson-datatype-jsr310-2.18.3.jar;C:\Users\narci\.m2\repository\com\fasterxml\jackson\module\jackson-module-parameter-names\2.18.3\jackson-module-parameter-names-2.18.3.jar;C:\Users\narci\.m2\repository\org\springframework\boot\spring-boot-starter-tomcat\3.4.4\spring-boot-starter-tomcat-3.4.4.jar;C:\Users\narci\.m2\repository\org\apache\tomcat\embed\tomcat-embed-core\10.1.39\tomcat-embed-core-10.1.39.jar;C:\Users\narci\.m2\repository\org\apache\tomcat\embed\tomcat-embed-el\10.1.39\tomcat-embed-el-10.1.39.jar;C:\Users\narci\.m2\repository\org\apache\tomcat\embed\tomcat-embed-websocket\10.1.39\tomcat-embed-websocket-10.1.39.jar;C:\Users\narci\.m2\repository\org\springframework\spring-web\6.2.5\spring-web-6.2.5.jar;C:\Users\narci\.m2\repository\io\micrometer\micrometer-observation\1.14.5\micrometer-observation-1.14.5.jar;C:\Users\narci\.m2\repository\io\micrometer\micrometer-commons\1.14.5\micrometer-commons-1.14.5.jar;C:\Users\narci\.m2\repository\org\springframework\spring-webmvc\6.2.5\spring-webmvc-6.2.5.jar;C:\Users\narci\.m2\repository\org\springframework\spring-expression\6.2.5\spring-expression-6.2.5.jar;C:\Users\narci\.m2\repository\org\postgresql\postgresql\42.7.5\postgresql-42.7.5.jar;C:\Users\narci\.m2\repository\org\checkerframework\checker-qual\3.48.3\checker-qual-3.48.3.jar;C:\Users\narci\.m2\repository\jakarta\xml\bind\jakarta.xml.bind-api\4.0.2\jakarta.xml.bind-api-4.0.2.jar;C:\Users\narci\.m2\repository\jakarta\activation\jakarta.activation-api\2.1.3\jakarta.activation-api-2.1.3.jar;C:\Users\narci\.m2\repository\org\springframework\spring-core\6.2.5\spring-core-6.2.5.jar;C:\Users\narci\.m2\repository\org\springframework\spring-jcl\6.2.5\spring-jcl-6.2.5.jar
Launcher Type: SUN_STANDARD

[Global flags]
     intx CICompilerCount                          = 4                                         {product} {ergonomic}
     uint ConcGCThreads                            = 2                                         {product} {ergonomic}
     bool FlightRecorder                           = true                                      {product} {management}
     uint G1ConcRefinementThreads                  = 8                                         {product} {ergonomic}
   size_t G1HeapRegionSize                         = 1048576                                   {product} {ergonomic}
   size_t InitialHeapSize                          = 132120576                                 {product} {ergonomic}
     bool ManagementServer                         = true                                      {product} {command line}
   size_t MarkStackSize                            = 4194304                                   {product} {ergonomic}
   size_t MarkStackSizeMax                         = 536870912                                 {product} {ergonomic}
   size_t MaxHeapSize                              = 2105540608                                {product} {ergonomic}
   size_t MaxNewSize                               = 1262485504                                {product} {ergonomic}
   size_t MinHeapDeltaBytes                        = 1048576                                   {product} {ergonomic}
   size_t MinHeapSize                              = 8388608                                   {product} {ergonomic}
    uintx NonNMethodCodeHeapSize                   = 4096                                   {pd product} {ergonomic}
    uintx NonProfiledCodeHeapSize                  = 0                                      {pd product} {ergonomic}
     bool ProfileInterpreter                       = false                                  {pd product} {command line}
    uintx ProfiledCodeHeapSize                     = 0                                      {pd product} {ergonomic}
   size_t SoftMaxHeapSize                          = 2105540608                             {manageable} {ergonomic}
     intx TieredStopAtLevel                        = 1                                         {product} {command line}
     bool UseCompressedOops                        = true                           {product lp64_product} {ergonomic}
     bool UseG1GC                                  = true                                      {product} {ergonomic}
     bool UseLargePagesIndividualAllocation        = false                                  {pd product} {ergonomic}

Logging:
Log output configuration:
 #0: stdout all=warning uptime,level,tags foldmultilines=false
 #1: stderr all=off uptime,level,tags foldmultilines=false

Environment Variables:
JAVA_HOME=C:\Program Files\Java\jdk-24.0.1
PATH=C:\Program Files\Common Files\Oracle\Java\javapath;C:\Program Files (x86)\Common Files\Oracle\Java\java8path;C:\Program Files (x86)\Common Files\Oracle\Java\javapath;C:\WINDOWS\system32;C:\WINDOWS;C:\WINDOWS\System32\Wbem;C:\WINDOWS\System32\WindowsPowerShell\v1.0\;C:\WINDOWS\System32\OpenSSH\;C:\Program Files\Java\jdk-24.0.1\bin;C:\Program Files\Git\cmd;C:\Program Files\PostgreSQL\17\bin;C:\Program Files\NVIDIA Corporation\NVIDIA app\NvDLISR;C:\Program Files (x86)\NVIDIA Corporation\PhysX\Common;C:\Users\narci\AppData\Roaming\fnm\node-versions\v22.14.0\installation;C:\Program Files\Docker\Docker\resources\bin;C:\Program Files\Neovim\bin;C:\Program Files\Maven\apache-maven-3.9.9\bin;C:\Users\narci\AppData\Local\Microsoft\WindowsApps;C:\Users\narci\AppData\Local\JetBrains\Toolbox\scripts;C:\Users\narci\.dotnet\tools;C:\Users\narci\AppData\Local\Microsoft\WinGet\Packages\Schniz.fnm_Microsoft.Winget.Source_8wekyb3d8bbwe;C:\Users\narci\AppData\Local\Programs\Microsoft VS Code\bin;C:\Users\narci\AppData\Local\Programs\Hyper\resources\bin
USERNAME=narci
OS=Windows_NT
PROCESSOR_IDENTIFIER=Intel64 Family 6 Model 165 Stepping 2, GenuineIntel
TMP=C:\Users\narci\AppData\Local\Temp
TEMP=C:\Users\narci\AppData\Local\Temp




Periodic native trim disabled

---------------  S Y S T E M  ---------------

OS:
 Windows 11 , 64 bit Build 26100 (10.0.26100.3775)
OS uptime: 11 days 18:35 hours
Hyper-V role detected

CPU: total 8 (initial active 8) (4 cores per cpu, 2 threads per core) family 6 model 165 stepping 2 microcode 0xe0, cx8, cmov, fxsr, ht, mmx, 3dnowpref, sse, sse2, sse3, ssse3, sse4.1, sse4.2, popcnt, lzcnt, tsc, tscinvbit, avx, avx2, aes, erms, clmul, bmi1, bmi2, adx, fma, vzeroupper, clflush, clflushopt, hv, rdtscp, f16c
Processor Information for the first 8 processors :
  Max Mhz: 2496, Current Mhz: 2496, Mhz Limit: 2496

Memory: 4k page, system-wide physical 8027M (1372M free)
TotalPageFile size 32599M (AvailPageFile size 11533M)
current process WorkingSet (physical memory assigned to process): 187M, peak: 187M
current process commit charge ("private bytes"): 248M, peak: 248M

vm_info: Java HotSpot(TM) 64-Bit Server VM (24.0.1+9-30) for windows-amd64 JRE (24.0.1+9-30), built on 2025-03-05T07:23:45Z with MS VC++ 17.6 (VS2022)

END.
